<?xml version="1.0" encoding="UTF-8"?>
<!-- Generated by org.testng.reporters.JUnitReportReporter -->
<testsuite hostname="DESKTOP-HIN4ESK" failures="0" tests="2" name="Simpleformdemo.Testscenario_1" time="40.189" errors="0" timestamp="2024-11-12T17:32:03 IST" skipped="0">
  <testcase classname="Simpleformdemo.Testscenario_1" name="test1" time="22.507"/>
  <system-out/>
  <testcase classname="Simpleformdemo.Testscenario_1" name="test1" time="17.682"/>
  <system-out/>
</testsuite> <!-- Simpleformdemo.Testscenario_1 -->
