<?xml version="1.0" encoding="UTF-8"?>
<!-- Generated by org.testng.reporters.JUnitReportReporter -->
<testsuite hostname="DESKTOP-HIN4ESK" failures="0" tests="1" name="Test_scenario_1.TS_1" time="3.925" errors="0" timestamp="2024-11-11T16:44:20 IST" skipped="0">
  <testcase classname="Test_scenario_1.TS_1" name="test1" time="3.925"/>
  <system-out/>
</testsuite> <!-- Test_scenario_1.TS_1 -->
