<?xml version="1.0" encoding="UTF-8"?>
<!-- Generated by org.testng.reporters.JUnitReportReporter -->
<testsuite hostname="DESKTOP-HIN4ESK" failures="0" tests="2" name="Draganddropslider.Testscenario2" time="31.649" errors="0" timestamp="2024-11-12T17:32:03 IST" skipped="0">
  <testcase classname="Draganddropslider.Testscenario2" name="test2" time="15.510"/>
  <system-out/>
  <testcase classname="Draganddropslider.Testscenario2" name="test2" time="16.139"/>
  <system-out/>
</testsuite> <!-- Draganddropslider.Testscenario2 -->
